<?xml version="1.0" encoding="UTF-8"?>
<coverage generated="1691997259819" clover="3.2.0">
  <project timestamp="1691997259819" name="All files">
    <metrics statements="72" coveredstatements="71" conditionals="21" coveredconditionals="20" methods="2" coveredmethods="2" elements="95" coveredelements="93" complexity="0" loc="72" ncloc="72" packages="1" files="1" classes="1"/>
    <file name="caixa-da-lanchonete.js" path="C:\Users\Jhone\Downloads\desafio-lanchonete-2023\src\caixa-da-lanchonete.js">
      <metrics statements="72" coveredstatements="71" conditionals="21" coveredconditionals="20" methods="2" coveredmethods="2"/>
      <line num="1" count="19" type="cond" truecount="1" falsecount="0"/>
      <line num="2" count="19" type="stmt"/>
      <line num="3" count="19" type="stmt"/>
      <line num="4" count="19" type="stmt"/>
      <line num="5" count="19" type="stmt"/>
      <line num="6" count="19" type="stmt"/>
      <line num="7" count="19" type="stmt"/>
      <line num="8" count="19" type="stmt"/>
      <line num="9" count="19" type="stmt"/>
      <line num="10" count="19" type="stmt"/>
      <line num="11" count="19" type="stmt"/>
      <line num="12" count="19" type="stmt"/>
      <line num="13" count="19" type="stmt"/>
      <line num="14" count="19" type="stmt"/>
      <line num="15" count="19" type="cond" truecount="1" falsecount="0"/>
      <line num="16" count="19" type="stmt"/>
      <line num="17" count="19" type="cond" truecount="1" falsecount="0"/>
      <line num="18" count="1" type="stmt"/>
      <line num="19" count="1" type="cond" truecount="1" falsecount="0"/>
      <line num="20" count="18" type="stmt"/>
      <line num="21" count="18" type="stmt"/>
      <line num="22" count="18" type="stmt"/>
      <line num="23" count="18" type="stmt"/>
      <line num="24" count="18" type="stmt"/>
      <line num="25" count="19" type="cond" truecount="1" falsecount="0"/>
      <line num="26" count="26" type="stmt"/>
      <line num="27" count="26" type="stmt"/>
      <line num="28" count="26" type="stmt"/>
      <line num="29" count="26" type="stmt"/>
      <line num="30" count="26" type="cond" truecount="1" falsecount="0"/>
      <line num="31" count="2" type="stmt"/>
      <line num="32" count="2" type="cond" truecount="1" falsecount="0"/>
      <line num="33" count="24" type="stmt"/>
      <line num="34" count="26" type="cond" truecount="1" falsecount="0"/>
      <line num="35" count="15" type="cond" truecount="0" falsecount="1"/>
      <line num="36" count="0" type="stmt"/>
      <line num="37" count="15" type="stmt"/>
      <line num="38" count="15" type="stmt"/>
      <line num="39" count="15" type="stmt"/>
      <line num="40" count="15" type="stmt"/>
      <line num="41" count="15" type="stmt"/>
      <line num="42" count="26" type="cond" truecount="1" falsecount="0"/>
      <line num="43" count="9" type="cond" truecount="1" falsecount="0"/>
      <line num="44" count="4" type="stmt"/>
      <line num="45" count="4" type="cond" truecount="1" falsecount="0"/>
      <line num="46" count="5" type="stmt"/>
      <line num="47" count="5" type="stmt"/>
      <line num="48" count="26" type="cond" truecount="1" falsecount="0"/>
      <line num="49" count="12" type="stmt"/>
      <line num="50" count="12" type="stmt"/>
      <line num="51" count="19" type="cond" truecount="1" falsecount="0"/>
      <line num="52" count="3" type="stmt"/>
      <line num="53" count="3" type="cond" truecount="1" falsecount="0"/>
      <line num="54" count="9" type="stmt"/>
      <line num="55" count="9" type="stmt"/>
      <line num="56" count="19" type="cond" truecount="1" falsecount="0"/>
      <line num="57" count="1" type="stmt"/>
      <line num="58" count="1" type="cond" truecount="1" falsecount="0"/>
      <line num="59" count="8" type="stmt"/>
      <line num="60" count="8" type="stmt"/>
      <line num="61" count="19" type="cond" truecount="1" falsecount="0"/>
      <line num="62" count="2" type="stmt"/>
      <line num="63" count="19" type="cond" truecount="2" falsecount="0"/>
      <line num="64" count="3" type="stmt"/>
      <line num="65" count="3" type="cond" truecount="1" falsecount="0"/>
      <line num="66" count="8" type="stmt"/>
      <line num="67" count="8" type="stmt"/>
      <line num="68" count="8" type="stmt"/>
      <line num="69" count="8" type="stmt"/>
      <line num="70" count="19" type="stmt"/>
      <line num="71" count="1" type="stmt"/>
      <line num="72" count="1" type="stmt"/>
    </file>
  </project>
</coverage>
