{"C:\\Users\\Jhone\\Downloads\\desafio-lanchonete-2023\\src\\caixa-da-lanchonete.js": {"path":"C:\\Users\\Jhone\\Downloads\\desafio-lanchonete-2023\\src\\caixa-da-lanchonete.js","all":false,"statementMap":{"0":{"start":{"line":1,"column":0},"end":{"line":1,"column":25}},"1":{"start":{"line":2,"column":0},"end":{"line":2,"column":16}},"2":{"start":{"line":3,"column":0},"end":{"line":3,"column":63}},"3":{"start":{"line":4,"column":0},"end":{"line":4,"column":105}},"4":{"start":{"line":5,"column":0},"end":{"line":5,"column":71}},"5":{"start":{"line":6,"column":0},"end":{"line":6,"column":73}},"6":{"start":{"line":7,"column":0},"end":{"line":7,"column":111}},"7":{"start":{"line":8,"column":0},"end":{"line":8,"column":69}},"8":{"start":{"line":9,"column":0},"end":{"line":9,"column":81}},"9":{"start":{"line":10,"column":0},"end":{"line":10,"column":80}},"10":{"start":{"line":11,"column":0},"end":{"line":11,"column":6}},"11":{"start":{"line":12,"column":0},"end":{"line":12,"column":0}},"12":{"start":{"line":13,"column":0},"end":{"line":13,"column":56}},"13":{"start":{"line":14,"column":0},"end":{"line":14,"column":0}},"14":{"start":{"line":15,"column":0},"end":{"line":15,"column":53}},"15":{"start":{"line":16,"column":0},"end":{"line":16,"column":42}},"16":{"start":{"line":17,"column":0},"end":{"line":17,"column":64}},"17":{"start":{"line":18,"column":0},"end":{"line":18,"column":50}},"18":{"start":{"line":19,"column":0},"end":{"line":19,"column":9}},"19":{"start":{"line":20,"column":0},"end":{"line":20,"column":0}},"20":{"start":{"line":21,"column":0},"end":{"line":21,"column":27}},"21":{"start":{"line":22,"column":0},"end":{"line":22,"column":92}},"22":{"start":{"line":23,"column":0},"end":{"line":23,"column":67}},"23":{"start":{"line":24,"column":0},"end":{"line":24,"column":0}},"24":{"start":{"line":25,"column":0},"end":{"line":25,"column":35}},"25":{"start":{"line":26,"column":0},"end":{"line":26,"column":61}},"26":{"start":{"line":27,"column":0},"end":{"line":27,"column":55}},"27":{"start":{"line":28,"column":0},"end":{"line":28,"column":0}},"28":{"start":{"line":29,"column":0},"end":{"line":29,"column":43}},"29":{"start":{"line":30,"column":0},"end":{"line":30,"column":28}},"30":{"start":{"line":31,"column":0},"end":{"line":31,"column":40}},"31":{"start":{"line":32,"column":0},"end":{"line":32,"column":13}},"32":{"start":{"line":33,"column":0},"end":{"line":33,"column":0}},"33":{"start":{"line":34,"column":0},"end":{"line":34,"column":56}},"34":{"start":{"line":35,"column":0},"end":{"line":35,"column":59}},"35":{"start":{"line":36,"column":0},"end":{"line":36,"column":72}},"36":{"start":{"line":37,"column":0},"end":{"line":37,"column":24}},"37":{"start":{"line":38,"column":0},"end":{"line":38,"column":44}},"38":{"start":{"line":39,"column":0},"end":{"line":39,"column":72}},"39":{"start":{"line":40,"column":0},"end":{"line":40,"column":55}},"40":{"start":{"line":41,"column":0},"end":{"line":41,"column":17}},"41":{"start":{"line":42,"column":0},"end":{"line":42,"column":20}},"42":{"start":{"line":43,"column":0},"end":{"line":43,"column":77}},"43":{"start":{"line":44,"column":0},"end":{"line":44,"column":76}},"44":{"start":{"line":45,"column":0},"end":{"line":45,"column":17}},"45":{"start":{"line":46,"column":0},"end":{"line":46,"column":68}},"46":{"start":{"line":47,"column":0},"end":{"line":47,"column":13}},"47":{"start":{"line":48,"column":0},"end":{"line":48,"column":9}},"48":{"start":{"line":49,"column":0},"end":{"line":49,"column":0}},"49":{"start":{"line":50,"column":0},"end":{"line":50,"column":62}},"50":{"start":{"line":51,"column":0},"end":{"line":51,"column":32}},"51":{"start":{"line":52,"column":0},"end":{"line":52,"column":57}},"52":{"start":{"line":53,"column":0},"end":{"line":53,"column":9}},"53":{"start":{"line":54,"column":0},"end":{"line":54,"column":0}},"54":{"start":{"line":55,"column":0},"end":{"line":55,"column":48}},"55":{"start":{"line":56,"column":0},"end":{"line":56,"column":30}},"56":{"start":{"line":57,"column":0},"end":{"line":57,"column":42}},"57":{"start":{"line":58,"column":0},"end":{"line":58,"column":9}},"58":{"start":{"line":59,"column":0},"end":{"line":59,"column":0}},"59":{"start":{"line":60,"column":0},"end":{"line":60,"column":20}},"60":{"start":{"line":61,"column":0},"end":{"line":61,"column":47}},"61":{"start":{"line":62,"column":0},"end":{"line":62,"column":31}},"62":{"start":{"line":63,"column":0},"end":{"line":63,"column":53}},"63":{"start":{"line":64,"column":0},"end":{"line":64,"column":31}},"64":{"start":{"line":65,"column":0},"end":{"line":65,"column":9}},"65":{"start":{"line":66,"column":0},"end":{"line":66,"column":0}},"66":{"start":{"line":67,"column":0},"end":{"line":67,"column":57}},"67":{"start":{"line":68,"column":0},"end":{"line":68,"column":63}},"68":{"start":{"line":69,"column":0},"end":{"line":69,"column":5}},"69":{"start":{"line":70,"column":0},"end":{"line":70,"column":1}},"70":{"start":{"line":71,"column":0},"end":{"line":71,"column":0}},"71":{"start":{"line":72,"column":0},"end":{"line":72,"column":29}}},"s":{"0":19,"1":19,"2":19,"3":19,"4":19,"5":19,"6":19,"7":19,"8":19,"9":19,"10":19,"11":19,"12":19,"13":19,"14":19,"15":19,"16":19,"17":1,"18":1,"19":18,"20":18,"21":18,"22":18,"23":18,"24":19,"25":26,"26":26,"27":26,"28":26,"29":26,"30":2,"31":2,"32":24,"33":26,"34":15,"35":0,"36":15,"37":15,"38":15,"39":15,"40":15,"41":26,"42":9,"43":4,"44":4,"45":5,"46":5,"47":26,"48":12,"49":12,"50":19,"51":3,"52":3,"53":9,"54":9,"55":19,"56":1,"57":1,"58":8,"59":8,"60":19,"61":2,"62":19,"63":3,"64":3,"65":8,"66":8,"67":8,"68":8,"69":19,"70":1,"71":1},"branchMap":{"0":{"type":"branch","line":1,"loc":{"start":{"line":1,"column":0},"end":{"line":70,"column":1}},"locations":[{"start":{"line":1,"column":0},"end":{"line":70,"column":1}}]},"1":{"type":"branch","line":15,"loc":{"start":{"line":15,"column":4},"end":{"line":69,"column":5}},"locations":[{"start":{"line":15,"column":4},"end":{"line":69,"column":5}}]},"2":{"type":"branch","line":17,"loc":{"start":{"line":17,"column":63},"end":{"line":19,"column":9}},"locations":[{"start":{"line":17,"column":63},"end":{"line":19,"column":9}}]},"3":{"type":"branch","line":19,"loc":{"start":{"line":19,"column":8},"end":{"line":25,"column":34}},"locations":[{"start":{"line":19,"column":8},"end":{"line":25,"column":34}}]},"4":{"type":"branch","line":25,"loc":{"start":{"line":25,"column":34},"end":{"line":48,"column":9}},"locations":[{"start":{"line":25,"column":34},"end":{"line":48,"column":9}}]},"5":{"type":"branch","line":30,"loc":{"start":{"line":30,"column":27},"end":{"line":32,"column":13}},"locations":[{"start":{"line":30,"column":27},"end":{"line":32,"column":13}}]},"6":{"type":"branch","line":32,"loc":{"start":{"line":32,"column":12},"end":{"line":34,"column":55}},"locations":[{"start":{"line":32,"column":12},"end":{"line":34,"column":55}}]},"7":{"type":"branch","line":34,"loc":{"start":{"line":34,"column":55},"end":{"line":42,"column":13}},"locations":[{"start":{"line":34,"column":55},"end":{"line":42,"column":13}}]},"8":{"type":"branch","line":35,"loc":{"start":{"line":35,"column":58},"end":{"line":37,"column":17}},"locations":[{"start":{"line":35,"column":58},"end":{"line":37,"column":17}}]},"9":{"type":"branch","line":42,"loc":{"start":{"line":42,"column":13},"end":{"line":47,"column":13}},"locations":[{"start":{"line":42,"column":13},"end":{"line":47,"column":13}}]},"10":{"type":"branch","line":43,"loc":{"start":{"line":43,"column":76},"end":{"line":45,"column":17}},"locations":[{"start":{"line":43,"column":76},"end":{"line":45,"column":17}}]},"11":{"type":"branch","line":45,"loc":{"start":{"line":45,"column":16},"end":{"line":47,"column":13}},"locations":[{"start":{"line":45,"column":16},"end":{"line":47,"column":13}}]},"12":{"type":"branch","line":48,"loc":{"start":{"line":48,"column":8},"end":{"line":51,"column":31}},"locations":[{"start":{"line":48,"column":8},"end":{"line":51,"column":31}}]},"13":{"type":"branch","line":51,"loc":{"start":{"line":51,"column":31},"end":{"line":53,"column":9}},"locations":[{"start":{"line":51,"column":31},"end":{"line":53,"column":9}}]},"14":{"type":"branch","line":53,"loc":{"start":{"line":53,"column":8},"end":{"line":56,"column":29}},"locations":[{"start":{"line":53,"column":8},"end":{"line":56,"column":29}}]},"15":{"type":"branch","line":56,"loc":{"start":{"line":56,"column":29},"end":{"line":58,"column":9}},"locations":[{"start":{"line":56,"column":29},"end":{"line":58,"column":9}}]},"16":{"type":"branch","line":58,"loc":{"start":{"line":58,"column":8},"end":{"line":61,"column":46}},"locations":[{"start":{"line":58,"column":8},"end":{"line":61,"column":46}}]},"17":{"type":"branch","line":61,"loc":{"start":{"line":61,"column":46},"end":{"line":63,"column":9}},"locations":[{"start":{"line":61,"column":46},"end":{"line":63,"column":9}}]},"18":{"type":"branch","line":63,"loc":{"start":{"line":63,"column":9},"end":{"line":65,"column":9}},"locations":[{"start":{"line":63,"column":9},"end":{"line":65,"column":9}}]},"19":{"type":"branch","line":63,"loc":{"start":{"line":63,"column":52},"end":{"line":65,"column":9}},"locations":[{"start":{"line":63,"column":52},"end":{"line":65,"column":9}}]},"20":{"type":"branch","line":65,"loc":{"start":{"line":65,"column":8},"end":{"line":69,"column":5}},"locations":[{"start":{"line":65,"column":8},"end":{"line":69,"column":5}}]}},"b":{"0":[19],"1":[19],"2":[1],"3":[18],"4":[26],"5":[2],"6":[24],"7":[15],"8":[0],"9":[9],"10":[4],"11":[5],"12":[12],"13":[3],"14":[9],"15":[1],"16":[8],"17":[2],"18":[6],"19":[3],"20":[8]},"fnMap":{"0":{"name":"<instance_members_initializer>","decl":{"start":{"line":1,"column":0},"end":{"line":70,"column":1}},"loc":{"start":{"line":1,"column":0},"end":{"line":70,"column":1}},"line":1},"1":{"name":"calcularValorDaCompra","decl":{"start":{"line":15,"column":4},"end":{"line":69,"column":5}},"loc":{"start":{"line":15,"column":4},"end":{"line":69,"column":5}},"line":15}},"f":{"0":19,"1":19}}
}
