TN:
SF:src\caixa-da-lanchonete.js
FN:1,<instance_members_initializer>
FN:15,calcularValorDaCompra
FNF:2
FNH:2
FNDA:19,<instance_members_initializer>
FNDA:19,calcularValorDaCompra
DA:1,19
DA:2,19
DA:3,19
DA:4,19
DA:5,19
DA:6,19
DA:7,19
DA:8,19
DA:9,19
DA:10,19
DA:11,19
DA:12,19
DA:13,19
DA:14,19
DA:15,19
DA:16,19
DA:17,19
DA:18,1
DA:19,1
DA:20,18
DA:21,18
DA:22,18
DA:23,18
DA:24,18
DA:25,19
DA:26,26
DA:27,26
DA:28,26
DA:29,26
DA:30,26
DA:31,2
DA:32,2
DA:33,24
DA:34,26
DA:35,15
DA:36,0
DA:37,15
DA:38,15
DA:39,15
DA:40,15
DA:41,15
DA:42,26
DA:43,9
DA:44,4
DA:45,4
DA:46,5
DA:47,5
DA:48,26
DA:49,12
DA:50,12
DA:51,19
DA:52,3
DA:53,3
DA:54,9
DA:55,9
DA:56,19
DA:57,1
DA:58,1
DA:59,8
DA:60,8
DA:61,19
DA:62,2
DA:63,19
DA:64,3
DA:65,3
DA:66,8
DA:67,8
DA:68,8
DA:69,8
DA:70,19
DA:71,1
DA:72,1
LF:72
LH:71
BRDA:1,0,0,19
BRDA:15,1,0,19
BRDA:17,2,0,1
BRDA:19,3,0,18
BRDA:25,4,0,26
BRDA:30,5,0,2
BRDA:32,6,0,24
BRDA:34,7,0,15
BRDA:35,8,0,0
BRDA:42,9,0,9
BRDA:43,10,0,4
BRDA:45,11,0,5
BRDA:48,12,0,12
BRDA:51,13,0,3
BRDA:53,14,0,9
BRDA:56,15,0,1
BRDA:58,16,0,8
BRDA:61,17,0,2
BRDA:63,18,0,6
BRDA:63,19,0,3
BRDA:65,20,0,8
BRF:21
BRH:20
end_of_record
